<?xml version="1.0" encoding="UTF-8"?>
<TestRun id="a4573c7f-5527-40d9-8961-2bef178277fa" name="Lenovo@LENOVO-PC 2013-01-30 14:51:12" runUser="Lenovo-PC\Lenovo" xmlns="http://microsoft.com/schemas/VisualStudio/TeamTest/2010">
  <TestSettings name="Local" id="b6e83313-da21-4c6c-842f-423321390c1d">
    <Description>These are default test settings for a local test run.</Description>
    <Deployment enabled="false" runDeploymentRoot="Lenovo_LENOVO-PC 2013-01-30 14_51_12">
      <DeploymentItem filename="D:\belajar\pisi\pisi.web\Pisi.Payslip.Contract\bin\Debug\Pisi.Payslip.Contract.dll" />
      <DeploymentItem filename="D:\belajar\pisi\pisi.web\Pisi.Payslip\bin\Debug\Pisi.Payslip.dll" />
    </Deployment>
    <Execution>
      <TestTypeSpecific />
      <AgentRule name="Execution Agents">
      </AgentRule>
    </Execution>
  </TestSettings>
  <Times creation="2013-01-30T14:51:12.1986087+07:00" queuing="2013-01-30T14:51:13.8117009+07:00" start="2013-01-30T14:51:13.9917112+07:00" finish="2013-01-30T14:52:33.7662741+07:00" />
  <ResultSummary outcome="Error">
    <Counters total="1" executed="1" error="0" failed="0" timeout="0" aborted="1" inconclusive="0" passedButRunAborted="0" notRunnable="0" notExecuted="0" disconnected="0" warning="0" passed="0" completed="0" inProgress="0" pending="0" />
    <RunInfos>
      <RunInfo computerName="LENOVO-PC" outcome="Error" timestamp="2013-01-30T14:52:33.7642739+07:00">
        <Text>Test host process exited unexpectedly.</Text>
      </RunInfo>
    </RunInfos>
  </ResultSummary>
  <TestDefinitions>
    <UnitTest name="LoadPayrollForEmployeeInPeriod" storage="d:\belajar\pisi\pisi.web\pisi.payslip.compnenttest\bin\debug\pisi.payslip.compnenttest.dll" id="b1e8fb8f-9f4b-f3bf-a9ce-fc0951b75ed8">
      <Execution id="4493a51d-fac1-47bf-b10d-ba86a3ee3885" />
      <TestMethod codeBase="D:/belajar/pisi/pisi.web/Pisi.Payslip.CompnentTest/bin/Debug/Pisi.Payslip.CompnentTest.DLL" adapterTypeName="Microsoft.VisualStudio.TestTools.TestTypes.Unit.UnitTestAdapter, Microsoft.VisualStudio.QualityTools.Tips.UnitTest.Adapter, Version=10.0.0.0, Culture=neutral, PublicKeyToken=b03f5f7f11d50a3a" className="Pisi.Payslip.CompnentTest.PayslipDataLoaderTest, Pisi.Payslip.CompnentTest, Version=1.0.0.0, Culture=neutral, PublicKeyToken=null" name="LoadPayrollForEmployeeInPeriod" />
    </UnitTest>
  </TestDefinitions>
  <TestLists>
    <TestList name="Results Not in a List" id="8c84fa94-04c1-424b-9868-57a2d4851a1d" />
    <TestList name="All Loaded Results" id="19431567-8539-422a-85d7-44ee4e166bda" />
  </TestLists>
  <TestEntries>
    <TestEntry testId="b1e8fb8f-9f4b-f3bf-a9ce-fc0951b75ed8" executionId="4493a51d-fac1-47bf-b10d-ba86a3ee3885" testListId="8c84fa94-04c1-424b-9868-57a2d4851a1d" />
  </TestEntries>
  <Results>
    <UnitTestResult executionId="4493a51d-fac1-47bf-b10d-ba86a3ee3885" testId="b1e8fb8f-9f4b-f3bf-a9ce-fc0951b75ed8" testName="LoadPayrollForEmployeeInPeriod" computerName="LENOVO-PC" duration="00:01:19.6225542" startTime="2013-01-30T14:51:14.1437199+07:00" endTime="2013-01-30T14:52:33.7662741+07:00" testType="13cdc9d9-ddb5-4fa4-a97d-d965ccfc6d4b" outcome="Aborted" testListId="8c84fa94-04c1-424b-9868-57a2d4851a1d" relativeResultsDirectory="4493a51d-fac1-47bf-b10d-ba86a3ee3885">
    </UnitTestResult>
  </Results>
</TestRun>