<?xml version="1.0" encoding="UTF-8"?>
<TestRun id="b05414b4-51cf-4eca-aeee-d75a2b15d9d6" name="Lenovo@LENOVO-PC 2013-01-30 14:09:55" runUser="Lenovo-PC\Lenovo" xmlns="http://microsoft.com/schemas/VisualStudio/TeamTest/2010">
  <TestSettings name="Local" id="b6e83313-da21-4c6c-842f-423321390c1d">
    <Description>These are default test settings for a local test run.</Description>
    <Deployment enabled="false" runDeploymentRoot="Lenovo_LENOVO-PC 2013-01-30 14_09_55">
      <DeploymentItem filename="D:\belajar\pisi\pisi.web\Pisi.Payslip.Contract\bin\Debug\Pisi.Payslip.Contract.dll" />
      <DeploymentItem filename="D:\belajar\pisi\pisi.web\Pisi.Payslip\bin\Debug\Pisi.Payslip.dll" />
    </Deployment>
    <Execution>
      <TestTypeSpecific />
      <AgentRule name="Execution Agents">
      </AgentRule>
    </Execution>
  </TestSettings>
  <Times creation="2013-01-30T14:09:55.8369689+07:00" queuing="2013-01-30T14:09:58.8041386+07:00" start="2013-01-30T14:09:58.9361461+07:00" finish="2013-01-30T14:10:00.2282200+07:00" />
  <ResultSummary outcome="Failed">
    <Counters total="1" executed="1" error="0" failed="1" timeout="0" aborted="0" inconclusive="0" passedButRunAborted="0" notRunnable="0" notExecuted="0" disconnected="0" warning="0" passed="0" completed="0" inProgress="0" pending="0" />
  </ResultSummary>
  <TestDefinitions>
    <UnitTest name="NullableValueTest" storage="d:\belajar\pisi\pisi.web\pisi.payslip.compnenttest\bin\debug\pisi.payslip.compnenttest.dll" id="4c024efa-fd1f-9a78-e93d-af7b14ff33cf">
      <Execution id="688c24b9-5486-46d1-baf4-c155cd7679dc" />
      <TestMethod codeBase="D:/belajar/pisi/pisi.web/Pisi.Payslip.CompnentTest/bin/Debug/Pisi.Payslip.CompnentTest.DLL" adapterTypeName="Microsoft.VisualStudio.TestTools.TestTypes.Unit.UnitTestAdapter, Microsoft.VisualStudio.QualityTools.Tips.UnitTest.Adapter, Version=10.0.0.0, Culture=neutral, PublicKeyToken=b03f5f7f11d50a3a" className="Pisi.Payslip.CompnentTest.PayslipDataLoaderTest, Pisi.Payslip.CompnentTest, Version=1.0.0.0, Culture=neutral, PublicKeyToken=null" name="NullableValueTest" />
    </UnitTest>
  </TestDefinitions>
  <TestLists>
    <TestList name="Results Not in a List" id="8c84fa94-04c1-424b-9868-57a2d4851a1d" />
    <TestList name="All Loaded Results" id="19431567-8539-422a-85d7-44ee4e166bda" />
  </TestLists>
  <TestEntries>
    <TestEntry testId="4c024efa-fd1f-9a78-e93d-af7b14ff33cf" executionId="688c24b9-5486-46d1-baf4-c155cd7679dc" testListId="8c84fa94-04c1-424b-9868-57a2d4851a1d" />
  </TestEntries>
  <Results>
    <UnitTestResult executionId="688c24b9-5486-46d1-baf4-c155cd7679dc" testId="4c024efa-fd1f-9a78-e93d-af7b14ff33cf" testName="NullableValueTest" computerName="LENOVO-PC" duration="00:00:00.2822964" startTime="2013-01-30T14:09:59.1421579+07:00" endTime="2013-01-30T14:10:00.1542158+07:00" testType="13cdc9d9-ddb5-4fa4-a97d-d965ccfc6d4b" outcome="Failed" testListId="8c84fa94-04c1-424b-9868-57a2d4851a1d" relativeResultsDirectory="688c24b9-5486-46d1-baf4-c155cd7679dc">
      <Output>
        <ErrorInfo>
          <Message>Test method Pisi.Payslip.CompnentTest.PayslipDataLoaderTest.NullableValueTest threw exception: 
System.InvalidOperationException: Nullable object must have a value.</Message>
          <StackTrace>    at System.ThrowHelper.ThrowInvalidOperationException(ExceptionResource resource)
   at System.Nullable`1.get_Value()
   at Pisi.Payslip.CompnentTest.PayslipDataLoaderTest.NullableValueTest() in D:\belajar\pisi\pisi.web\Pisi.Payslip.CompnentTest\PayslipDataLoaderTest.cs:line 29
</StackTrace>
        </ErrorInfo>
      </Output>
    </UnitTestResult>
  </Results>
</TestRun>