<?xml version="1.0" encoding="UTF-8"?>
<TestRun id="b4f598b9-a34a-4897-b518-b5bd541b8171" name="Lenovo@LENOVO-PC 2013-01-31 10:33:56" runUser="Lenovo-PC\Lenovo" xmlns="http://microsoft.com/schemas/VisualStudio/TeamTest/2010">
  <TestSettings name="Local" id="b6e83313-da21-4c6c-842f-423321390c1d">
    <Description>These are default test settings for a local test run.</Description>
    <Deployment enabled="false" runDeploymentRoot="Lenovo_LENOVO-PC 2013-01-31 10_33_56">
      <DeploymentItem filename="D:\belajar\pisi\pisi.web\Pisi.Payslip.Contract\bin\Debug\Pisi.Payslip.Contract.dll" />
      <DeploymentItem filename="D:\belajar\pisi\pisi.web\Pisi.Payslip\bin\Debug\Pisi.Payslip.dll" />
    </Deployment>
    <Execution>
      <TestTypeSpecific />
      <AgentRule name="Execution Agents">
      </AgentRule>
    </Execution>
  </TestSettings>
  <Times creation="2013-01-31T10:33:56.0641247+07:00" queuing="2013-01-31T10:34:18.5664118+07:00" start="2013-01-31T10:34:18.6764180+07:00" finish="2013-01-31T10:34:19.4564627+07:00" />
  <ResultSummary outcome="Failed">
    <Counters total="1" executed="1" error="0" failed="1" timeout="0" aborted="0" inconclusive="0" passedButRunAborted="0" notRunnable="0" notExecuted="0" disconnected="0" warning="0" passed="0" completed="0" inProgress="0" pending="0" />
  </ResultSummary>
  <TestDefinitions>
    <UnitTest name="LoadDeductionForEmployeeInPeriod" storage="d:\belajar\pisi\pisi.web\pisi.payslip.compnenttest\bin\debug\pisi.payslip.compnenttest.dll" id="a6926c17-9ca5-d6a0-cb9a-41c8094f64a3">
      <Execution id="1a2d5c00-d68d-4ff1-a7ae-3a2112c7dfe3" />
      <TestMethod codeBase="D:/belajar/pisi/pisi.web/Pisi.Payslip.CompnentTest/bin/Debug/Pisi.Payslip.CompnentTest.DLL" adapterTypeName="Microsoft.VisualStudio.TestTools.TestTypes.Unit.UnitTestAdapter, Microsoft.VisualStudio.QualityTools.Tips.UnitTest.Adapter, Version=10.0.0.0, Culture=neutral, PublicKeyToken=b03f5f7f11d50a3a" className="Pisi.Payslip.CompnentTest.PayslipDataLoaderTest, Pisi.Payslip.CompnentTest, Version=1.0.0.0, Culture=neutral, PublicKeyToken=null" name="LoadDeductionForEmployeeInPeriod" />
    </UnitTest>
  </TestDefinitions>
  <TestLists>
    <TestList name="Results Not in a List" id="8c84fa94-04c1-424b-9868-57a2d4851a1d" />
    <TestList name="All Loaded Results" id="19431567-8539-422a-85d7-44ee4e166bda" />
  </TestLists>
  <TestEntries>
    <TestEntry testId="a6926c17-9ca5-d6a0-cb9a-41c8094f64a3" executionId="1a2d5c00-d68d-4ff1-a7ae-3a2112c7dfe3" testListId="8c84fa94-04c1-424b-9868-57a2d4851a1d" />
  </TestEntries>
  <Results>
    <UnitTestResult executionId="1a2d5c00-d68d-4ff1-a7ae-3a2112c7dfe3" testId="a6926c17-9ca5-d6a0-cb9a-41c8094f64a3" testName="LoadDeductionForEmployeeInPeriod" computerName="LENOVO-PC" duration="00:00:00.2076398" startTime="2013-01-31T10:34:18.7424218+07:00" endTime="2013-01-31T10:34:19.3574570+07:00" testType="13cdc9d9-ddb5-4fa4-a97d-d965ccfc6d4b" outcome="Failed" testListId="8c84fa94-04c1-424b-9868-57a2d4851a1d" relativeResultsDirectory="1a2d5c00-d68d-4ff1-a7ae-3a2112c7dfe3">
      <Output>
        <ErrorInfo>
          <Message>Test method Pisi.Payslip.CompnentTest.PayslipDataLoaderTest.LoadDeductionForEmployeeInPeriod threw exception: 
System.NotImplementedException: The method or operation is not implemented.</Message>
          <StackTrace>    at Pisi.Payslip.PayslipRepository.LoadDeductionForEmployee(String employeeid, String periodid) in D:\belajar\pisi\pisi.web\Pisi.Payslip\PayslipRepository.cs:line 57
   at Pisi.Payslip.CompnentTest.PayslipDataLoaderTest.LoadDeductionForEmployeeInPeriod() in D:\belajar\pisi\pisi.web\Pisi.Payslip.CompnentTest\PayslipDataLoaderTest.cs:line 47
</StackTrace>
        </ErrorInfo>
      </Output>
    </UnitTestResult>
  </Results>
</TestRun>