<?xml version="1.0" encoding="UTF-8"?>
<TestRun id="f98056fd-212c-4a66-a7d5-7cb5ab29ee7f" name="Lenovo@LENOVO-PC 2013-01-30 14:18:04" runUser="Lenovo-PC\Lenovo" xmlns="http://microsoft.com/schemas/VisualStudio/TeamTest/2010">
  <TestSettings name="Local" id="b6e83313-da21-4c6c-842f-423321390c1d">
    <Description>These are default test settings for a local test run.</Description>
    <Deployment enabled="false" runDeploymentRoot="Lenovo_LENOVO-PC 2013-01-30 14_18_04">
      <DeploymentItem filename="D:\belajar\pisi\pisi.web\Pisi.Payslip.Contract\bin\Debug\Pisi.Payslip.Contract.dll" />
      <DeploymentItem filename="D:\belajar\pisi\pisi.web\Pisi.Payslip\bin\Debug\Pisi.Payslip.dll" />
    </Deployment>
    <Execution>
      <TestTypeSpecific />
      <AgentRule name="Execution Agents">
      </AgentRule>
    </Execution>
  </TestSettings>
  <Times creation="2013-01-30T14:18:04.3359094+07:00" queuing="2013-01-30T14:18:04.4169140+07:00" start="2013-01-30T14:18:04.4259146+07:00" finish="2013-01-30T14:18:04.8089365+07:00" />
  <ResultSummary outcome="Completed">
    <Counters total="1" executed="1" passed="1" error="0" failed="0" timeout="0" aborted="0" inconclusive="0" passedButRunAborted="0" notRunnable="0" notExecuted="0" disconnected="0" warning="0" completed="0" inProgress="0" pending="0" />
  </ResultSummary>
  <TestDefinitions>
    <UnitTest name="NullableValueTest" storage="d:\belajar\pisi\pisi.web\pisi.payslip.compnenttest\bin\debug\pisi.payslip.compnenttest.dll" id="4c024efa-fd1f-9a78-e93d-af7b14ff33cf">
      <Execution id="d3db7726-1ac6-473a-aced-3fa59598781a" />
      <TestMethod codeBase="D:/belajar/pisi/pisi.web/Pisi.Payslip.CompnentTest/bin/Debug/Pisi.Payslip.CompnentTest.DLL" adapterTypeName="Microsoft.VisualStudio.TestTools.TestTypes.Unit.UnitTestAdapter, Microsoft.VisualStudio.QualityTools.Tips.UnitTest.Adapter, Version=10.0.0.0, Culture=neutral, PublicKeyToken=b03f5f7f11d50a3a" className="Pisi.Payslip.CompnentTest.PayslipDataLoaderTest, Pisi.Payslip.CompnentTest, Version=1.0.0.0, Culture=neutral, PublicKeyToken=null" name="NullableValueTest" />
    </UnitTest>
  </TestDefinitions>
  <TestLists>
    <TestList name="Results Not in a List" id="8c84fa94-04c1-424b-9868-57a2d4851a1d" />
    <TestList name="All Loaded Results" id="19431567-8539-422a-85d7-44ee4e166bda" />
  </TestLists>
  <TestEntries>
    <TestEntry testId="4c024efa-fd1f-9a78-e93d-af7b14ff33cf" executionId="d3db7726-1ac6-473a-aced-3fa59598781a" testListId="8c84fa94-04c1-424b-9868-57a2d4851a1d" />
  </TestEntries>
  <Results>
    <UnitTestResult executionId="d3db7726-1ac6-473a-aced-3fa59598781a" testId="4c024efa-fd1f-9a78-e93d-af7b14ff33cf" testName="NullableValueTest" computerName="LENOVO-PC" duration="00:00:00.0225834" startTime="2013-01-30T14:18:04.4649168+07:00" endTime="2013-01-30T14:18:04.7829350+07:00" testType="13cdc9d9-ddb5-4fa4-a97d-d965ccfc6d4b" outcome="Passed" testListId="8c84fa94-04c1-424b-9868-57a2d4851a1d" relativeResultsDirectory="d3db7726-1ac6-473a-aced-3fa59598781a">
    </UnitTestResult>
  </Results>
</TestRun>