<?xml version="1.0" encoding="UTF-8"?>
<TestRun id="3a6ea01d-20af-4ff4-9f3d-46ca017d1a69" name="Lenovo@LENOVO-PC 2013-01-30 14:52:55" runUser="Lenovo-PC\Lenovo" xmlns="http://microsoft.com/schemas/VisualStudio/TeamTest/2010">
  <TestSettings name="Local" id="b6e83313-da21-4c6c-842f-423321390c1d">
    <Description>These are default test settings for a local test run.</Description>
    <Deployment enabled="false" runDeploymentRoot="Lenovo_LENOVO-PC 2013-01-30 14_52_55">
      <DeploymentItem filename="D:\belajar\pisi\pisi.web\Pisi.Payslip.Contract\bin\Debug\Pisi.Payslip.Contract.dll" />
      <DeploymentItem filename="D:\belajar\pisi\pisi.web\Pisi.Payslip\bin\Debug\Pisi.Payslip.dll" />
    </Deployment>
    <Execution>
      <TestTypeSpecific />
      <AgentRule name="Execution Agents">
      </AgentRule>
    </Execution>
  </TestSettings>
  <Times creation="2013-01-30T14:52:55.4965170+07:00" queuing="2013-01-30T14:52:55.8715384+07:00" start="2013-01-30T14:52:55.9175410+07:00" finish="2013-01-30T14:52:58.5876938+07:00" />
  <ResultSummary outcome="Failed">
    <Counters total="1" executed="1" error="0" failed="1" timeout="0" aborted="0" inconclusive="0" passedButRunAborted="0" notRunnable="0" notExecuted="0" disconnected="0" warning="0" passed="0" completed="0" inProgress="0" pending="0" />
  </ResultSummary>
  <TestDefinitions>
    <UnitTest name="LoadPayrollForEmployeeInPeriod" storage="d:\belajar\pisi\pisi.web\pisi.payslip.compnenttest\bin\debug\pisi.payslip.compnenttest.dll" id="b1e8fb8f-9f4b-f3bf-a9ce-fc0951b75ed8">
      <Execution id="1d134c2e-7c57-4b49-9f37-f5057443c1ee" />
      <TestMethod codeBase="D:/belajar/pisi/pisi.web/Pisi.Payslip.CompnentTest/bin/Debug/Pisi.Payslip.CompnentTest.DLL" adapterTypeName="Microsoft.VisualStudio.TestTools.TestTypes.Unit.UnitTestAdapter, Microsoft.VisualStudio.QualityTools.Tips.UnitTest.Adapter, Version=10.0.0.0, Culture=neutral, PublicKeyToken=b03f5f7f11d50a3a" className="Pisi.Payslip.CompnentTest.PayslipDataLoaderTest, Pisi.Payslip.CompnentTest, Version=1.0.0.0, Culture=neutral, PublicKeyToken=null" name="LoadPayrollForEmployeeInPeriod" />
    </UnitTest>
  </TestDefinitions>
  <TestLists>
    <TestList name="Results Not in a List" id="8c84fa94-04c1-424b-9868-57a2d4851a1d" />
    <TestList name="All Loaded Results" id="19431567-8539-422a-85d7-44ee4e166bda" />
  </TestLists>
  <TestEntries>
    <TestEntry testId="b1e8fb8f-9f4b-f3bf-a9ce-fc0951b75ed8" executionId="1d134c2e-7c57-4b49-9f37-f5057443c1ee" testListId="8c84fa94-04c1-424b-9868-57a2d4851a1d" />
  </TestEntries>
  <Results>
    <UnitTestResult executionId="1d134c2e-7c57-4b49-9f37-f5057443c1ee" testId="b1e8fb8f-9f4b-f3bf-a9ce-fc0951b75ed8" testName="LoadPayrollForEmployeeInPeriod" computerName="LENOVO-PC" duration="00:00:02.1370307" startTime="2013-01-30T14:52:55.9365421+07:00" endTime="2013-01-30T14:52:58.3926826+07:00" testType="13cdc9d9-ddb5-4fa4-a97d-d965ccfc6d4b" outcome="Failed" testListId="8c84fa94-04c1-424b-9868-57a2d4851a1d" relativeResultsDirectory="1d134c2e-7c57-4b49-9f37-f5057443c1ee">
      <Output>
        <ErrorInfo>
          <Message>Test method Pisi.Payslip.CompnentTest.PayslipDataLoaderTest.LoadPayrollForEmployeeInPeriod threw exception: 
System.NotSupportedException: LINQ to Entities does not recognize the method 'Pisi.Payslip.Contract.Payroll assemblePayroll(Pisi.DataModel.Models.tblPayroll)' method, and this method cannot be translated into a store expression.</Message>
          <StackTrace>    at System.Data.Objects.ELinq.ExpressionConverter.MethodCallTranslator.DefaultTranslator.Translate(ExpressionConverter parent, MethodCallExpression call)
   at System.Data.Objects.ELinq.ExpressionConverter.MethodCallTranslator.TypedTranslate(ExpressionConverter parent, MethodCallExpression linq)
   at System.Data.Objects.ELinq.ExpressionConverter.TypedTranslator`1.Translate(ExpressionConverter parent, Expression linq)
   at System.Data.Objects.ELinq.ExpressionConverter.TranslateExpression(Expression linq)
   at System.Data.Objects.ELinq.ExpressionConverter.TranslateLambda(LambdaExpression lambda, DbExpression input)
   at System.Data.Objects.ELinq.ExpressionConverter.TranslateLambda(LambdaExpression lambda, DbExpression input, DbExpressionBinding&amp; binding)
   at System.Data.Objects.ELinq.ExpressionConverter.MethodCallTranslator.OneLambdaTranslator.Translate(ExpressionConverter parent, MethodCallExpression call, DbExpression&amp; source, DbExpressionBinding&amp; sourceBinding, DbExpression&amp; lambda)
   at System.Data.Objects.ELinq.ExpressionConverter.MethodCallTranslator.SelectTranslator.Translate(ExpressionConverter parent, MethodCallExpression call)
   at System.Data.Objects.ELinq.ExpressionConverter.MethodCallTranslator.SequenceMethodTranslator.Translate(ExpressionConverter parent, MethodCallExpression call, SequenceMethod sequenceMethod)
   at System.Data.Objects.ELinq.ExpressionConverter.MethodCallTranslator.TypedTranslate(ExpressionConverter parent, MethodCallExpression linq)
   at System.Data.Objects.ELinq.ExpressionConverter.TypedTranslator`1.Translate(ExpressionConverter parent, Expression linq)
   at System.Data.Objects.ELinq.ExpressionConverter.TranslateExpression(Expression linq)
   at System.Data.Objects.ELinq.ExpressionConverter.MethodCallTranslator.UnarySequenceMethodTranslator.Translate(ExpressionConverter parent, MethodCallExpression call)
   at System.Data.Objects.ELinq.ExpressionConverter.MethodCallTranslator.SequenceMethodTranslator.Translate(ExpressionConverter parent, MethodCallExpression call, SequenceMethod sequenceMethod)
   at System.Data.Objects.ELinq.ExpressionConverter.MethodCallTranslator.TypedTranslate(ExpressionConverter parent, MethodCallExpression linq)
   at System.Data.Objects.ELinq.ExpressionConverter.TypedTranslator`1.Translate(ExpressionConverter parent, Expression linq)
   at System.Data.Objects.ELinq.ExpressionConverter.TranslateExpression(Expression linq)
   at System.Data.Objects.ELinq.ExpressionConverter.Convert()
   at System.Data.Objects.ELinq.ELinqQueryState.GetExecutionPlan(Nullable`1 forMergeOption)
   at System.Data.Objects.ObjectQuery`1.GetResults(Nullable`1 forMergeOption)
   at System.Data.Objects.ObjectQuery`1.System.Collections.Generic.IEnumerable&lt;T&gt;.GetEnumerator()
   at System.Linq.Enumerable.FirstOrDefault[TSource](IEnumerable`1 source)
   at System.Data.Objects.ELinq.ObjectQueryProvider.&lt;GetElementFunction&gt;b__1[TResult](IEnumerable`1 sequence)
   at System.Data.Objects.ELinq.ObjectQueryProvider.ExecuteSingle[TResult](IEnumerable`1 query, Expression queryRoot)
   at System.Data.Objects.ELinq.ObjectQueryProvider.System.Linq.IQueryProvider.Execute[S](Expression expression)
   at System.Data.Entity.Internal.Linq.DbQueryProvider.Execute[TResult](Expression expression)
   at System.Linq.Queryable.FirstOrDefault[TSource](IQueryable`1 source)
   at Pisi.Payslip.PayslipRepository.LoadPayrollForEmployee(String employeeid, String periodid) in D:\belajar\pisi\pisi.web\Pisi.Payslip\PayslipRepository.cs:line 35
   at Pisi.Payslip.CompnentTest.PayslipDataLoaderTest.LoadPayrollForEmployeeInPeriod() in D:\belajar\pisi\pisi.web\Pisi.Payslip.CompnentTest\PayslipDataLoaderTest.cs:line 19
</StackTrace>
        </ErrorInfo>
      </Output>
    </UnitTestResult>
  </Results>
</TestRun>